d:\programming\similarvideorecognizer\similarvideorecognizer\x64\debug\similarvideorecognizer.pch
d:\programming\similarvideorecognizer\similarvideorecognizer\x64\debug\vc120.pdb
d:\programming\similarvideorecognizer\similarvideorecognizer\x64\debug\vc120.idb
d:\programming\similarvideorecognizer\similarvideorecognizer\x64\debug\stdafx.obj
d:\programming\similarvideorecognizer\similarvideorecognizer\x64\debug\checkfornormaldistribution.obj
d:\programming\similarvideorecognizer\similarvideorecognizer\x64\debug\eigenvectorextracterforimage.obj
d:\programming\similarvideorecognizer\similarvideorecognizer\x64\debug\groupofhashfunction.obj
d:\programming\similarvideorecognizer\similarvideorecognizer\x64\debug\groupofhashvaluevector.obj
d:\programming\similarvideorecognizer\similarvideorecognizer\x64\debug\hashvaluegenerator.obj
d:\programming\similarvideorecognizer\similarvideorecognizer\x64\debug\layerofeigenvector.obj
d:\programming\similarvideorecognizer\similarvideorecognizer\x64\debug\osidgenerater.obj
d:\programming\similarvideorecognizer\similarvideorecognizer\x64\debug\sampleextracter.obj
d:\programming\similarvideorecognizer\similarvideorecognizer\x64\debug\similarvideorecognizer.obj
d:\programming\similarvideorecognizer\similarvideorecognizer\x64\debug\trienodecontainer.obj
d:\programming\similarvideorecognizer\similarvideorecognizer\x64\debug\trietree.obj
d:\programming\similarvideorecognizer\similarvideorecognizer\x64\debug\trietreeleafnode.obj
d:\programming\similarvideorecognizer\similarvideorecognizer\x64\debug\trietreenonleafnode.obj
d:\programming\similarvideorecognizer\x64\debug\similarvideorecognizer.ilk
d:\programming\similarvideorecognizer\x64\debug\similarvideorecognizer.exe
d:\programming\similarvideorecognizer\x64\debug\similarvideorecognizer.pdb
d:\programming\similarvideorecognizer\similarvideorecognizer\x64\debug\similarv.7160029a.tlog\cl.command.1.tlog
d:\programming\similarvideorecognizer\similarvideorecognizer\x64\debug\similarv.7160029a.tlog\cl.read.1.tlog
d:\programming\similarvideorecognizer\similarvideorecognizer\x64\debug\similarv.7160029a.tlog\cl.write.1.tlog
d:\programming\similarvideorecognizer\similarvideorecognizer\x64\debug\similarv.7160029a.tlog\link.command.1.tlog
d:\programming\similarvideorecognizer\similarvideorecognizer\x64\debug\similarv.7160029a.tlog\link.read.1.tlog
d:\programming\similarvideorecognizer\similarvideorecognizer\x64\debug\similarv.7160029a.tlog\link.write.1.tlog
