生成启动时间为 2014/11/25 12:53:16。
     1>项目“D:\programming\SimilarVideoRecognizer\SimilarVideoRecognizer\SimilarVideoRecognizer.vcxproj”在节点 2 上(Rebuild 个目标)。
     1>ClCompile:
         C:\Program Files (x86)\Microsoft Visual Studio 12.0\VC\bin\x86_amd64\CL.exe /c /Zi /nologo /W3 /WX- /sdl /Od /D WIN32 /D _DEBUG /D _CONSOLE /D _LIB /D _UNICODE /D UNICODE /Gm /EHsc /RTC1 /MDd /GS /fp:precise /Zc:wchar_t /Zc:forScope /Yc"stdafx.h" /Fp"x64\Debug\SimilarVideoRecognizer.pch" /Fo"x64\Debug\\" /Fd"x64\Debug\vc120.pdb" /Gd /TP /errorReport:prompt stdafx.cpp
         stdafx.cpp
         C:\Program Files (x86)\Microsoft Visual Studio 12.0\VC\bin\x86_amd64\CL.exe /c /Zi /nologo /W3 /WX- /sdl /Od /D WIN32 /D _DEBUG /D _CONSOLE /D _LIB /D _UNICODE /D UNICODE /Gm /EHsc /RTC1 /MDd /GS /fp:precise /Zc:wchar_t /Zc:forScope /Yu"stdafx.h" /Fp"x64\Debug\SimilarVideoRecognizer.pch" /Fo"x64\Debug\\" /Fd"x64\Debug\vc120.pdb" /Gd /TP /errorReport:prompt CheckForNormalDistribution.cpp EigenvectorExtracterForImage.cpp GroupOfHashFunction.cpp GroupOfHashValueVector.cpp HashValueGenerator.cpp LayerOfEigenvector.cpp OSIDGenerater.cpp SampleExtracter.cpp SimilarVideoRecognizer.cpp TrieNodeContainer.cpp TrieTree.cpp TrieTreeLeafNode.cpp TrieTreeNonleafNode.cpp
         TrieTreeNonleafNode.cpp
         TrieTreeLeafNode.cpp
         TrieTree.cpp
         TrieNodeContainer.cpp
         SimilarVideoRecognizer.cpp
         SampleExtracter.cpp
     1>SampleExtracter.cpp(23): warning C4267: “参数”: 从“size_t”转换到“int”，可能丢失数据
     1>SampleExtracter.cpp(25): warning C4267: “参数”: 从“size_t”转换到“int”，可能丢失数据
         OSIDGenerater.cpp
         LayerOfEigenvector.cpp
         HashValueGenerator.cpp
         GroupOfHashValueVector.cpp
         GroupOfHashFunction.cpp
         EigenvectorExtracterForImage.cpp
         CheckForNormalDistribution.cpp
         正在生成代码...
       Link:
         C:\Program Files (x86)\Microsoft Visual Studio 12.0\VC\bin\x86_amd64\link.exe /ERRORREPORT:PROMPT /OUT:"D:\programming\SimilarVideoRecognizer\x64\Debug\SimilarVideoRecognizer.exe" /INCREMENTAL /NOLOGO kernel32.lib user32.lib gdi32.lib winspool.lib comdlg32.lib advapi32.lib shell32.lib ole32.lib oleaut32.lib uuid.lib odbc32.lib odbccp32.lib /MANIFEST /MANIFESTUAC:"level='asInvoker' uiAccess='false'" /manifest:embed /DEBUG /PDB:"D:\programming\SimilarVideoRecognizer\x64\Debug\SimilarVideoRecognizer.pdb" /SUBSYSTEM:CONSOLE /TLBID:1 /DYNAMICBASE /NXCOMPAT /IMPLIB:"D:\programming\SimilarVideoRecognizer\x64\Debug\SimilarVideoRecognizer.lib" /MACHINE:X64 x64\Debug\CheckForNormalDistribution.obj
         x64\Debug\EigenvectorExtracterForImage.obj
         x64\Debug\GroupOfHashFunction.obj
         x64\Debug\GroupOfHashValueVector.obj
         x64\Debug\HashValueGenerator.obj
         x64\Debug\LayerOfEigenvector.obj
         x64\Debug\OSIDGenerater.obj
         x64\Debug\SampleExtracter.obj
         x64\Debug\SimilarVideoRecognizer.obj
         x64\Debug\stdafx.obj
         x64\Debug\TrieNodeContainer.obj
         x64\Debug\TrieTree.obj
         x64\Debug\TrieTreeLeafNode.obj
         x64\Debug\TrieTreeNonleafNode.obj
         SimilarVideoRecognizer.vcxproj -> D:\programming\SimilarVideoRecognizer\x64\Debug\SimilarVideoRecognizer.exe
     1>已完成生成项目“D:\programming\SimilarVideoRecognizer\SimilarVideoRecognizer\SimilarVideoRecognizer.vcxproj”(Rebuild 个目标)的操作。

生成成功。

已用时间 00:00:07.71
